Copyright 1986-2022 Xilinx, Inc. All Rights Reserved. Copyright 2022-2024 Advanced Micro Devices, Inc. All Rights Reserved.
---------------------------------------------------------------------------------------------------------------------------------------------
| Tool Version : Vivado v.2023.2.2 (win64) Build 4126759 Thu Feb  8 23:53:51 MST 2024
| Date         : Thu Apr 18 15:34:45 2024
| Host         : ITFCWI-4IALQD0U running 64-bit major release  (build 9200)
| Command      : report_utilization -file tdc_utilization_placed.rpt -pb tdc_utilization_placed.pb
| Design       : tdc
| Device       : xc7a100tcsg324-1
| Speed File   : -1
| Design State : Fully Placed
---------------------------------------------------------------------------------------------------------------------------------------------

Utilization Design Information

Table of Contents
-----------------
1. Slice Logic
1.1 Summary of Registers by Type
2. Slice Logic Distribution
3. Memory
4. DSP
5. IO and GT Specific
6. Clocking
7. Specific Feature
8. Primitives
9. Black Boxes
10. Instantiated Netlists

1. Slice Logic
--------------

+----------------------------+------+-------+------------+-----------+-------+
|          Site Type         | Used | Fixed | Prohibited | Available | Util% |
+----------------------------+------+-------+------------+-----------+-------+
| Slice LUTs                 | 4987 |     0 |          0 |     63400 |  7.87 |
|   LUT as Logic             | 4591 |     0 |          0 |     63400 |  7.24 |
|   LUT as Memory            |  396 |     0 |          0 |     19000 |  2.08 |
|     LUT as Distributed RAM |  200 |     0 |            |           |       |
|     LUT as Shift Register  |  196 |     0 |            |           |       |
| Slice Registers            | 4822 |     0 |          0 |    126800 |  3.80 |
|   Register as Flip Flop    | 4822 |     0 |          0 |    126800 |  3.80 |
|   Register as Latch        |    0 |     0 |          0 |    126800 |  0.00 |
| F7 Muxes                   |   73 |     0 |          0 |     31700 |  0.23 |
| F8 Muxes                   |    0 |     0 |          0 |     15850 |  0.00 |
+----------------------------+------+-------+------------+-----------+-------+
* Warning! LUT value is adjusted to account for LUT combining.


1.1 Summary of Registers by Type
--------------------------------

+-------+--------------+-------------+--------------+
| Total | Clock Enable | Synchronous | Asynchronous |
+-------+--------------+-------------+--------------+
| 0     |            _ |           - |            - |
| 0     |            _ |           - |          Set |
| 0     |            _ |           - |        Reset |
| 0     |            _ |         Set |            - |
| 0     |            _ |       Reset |            - |
| 0     |          Yes |           - |            - |
| 41    |          Yes |           - |          Set |
| 190   |          Yes |           - |        Reset |
| 37    |          Yes |         Set |            - |
| 4554  |          Yes |       Reset |            - |
+-------+--------------+-------------+--------------+


2. Slice Logic Distribution
---------------------------

+--------------------------------------------+------+-------+------------+-----------+-------+
|                  Site Type                 | Used | Fixed | Prohibited | Available | Util% |
+--------------------------------------------+------+-------+------------+-----------+-------+
| Slice                                      | 2137 |     0 |          0 |     15850 | 13.48 |
|   SLICEL                                   | 1587 |     0 |            |           |       |
|   SLICEM                                   |  550 |     0 |            |           |       |
| LUT as Logic                               | 4591 |     0 |          0 |     63400 |  7.24 |
|   using O5 output only                     |    1 |       |            |           |       |
|   using O6 output only                     | 3834 |       |            |           |       |
|   using O5 and O6                          |  756 |       |            |           |       |
| LUT as Memory                              |  396 |     0 |          0 |     19000 |  2.08 |
|   LUT as Distributed RAM                   |  200 |     0 |            |           |       |
|     using O5 output only                   |    0 |       |            |           |       |
|     using O6 output only                   |  176 |       |            |           |       |
|     using O5 and O6                        |   24 |       |            |           |       |
|   LUT as Shift Register                    |  196 |     0 |            |           |       |
|     using O5 output only                   |    5 |       |            |           |       |
|     using O6 output only                   |   27 |       |            |           |       |
|     using O5 and O6                        |  164 |       |            |           |       |
| Slice Registers                            | 4822 |     0 |          0 |    126800 |  3.80 |
|   Register driven from within the Slice    | 2214 |       |            |           |       |
|   Register driven from outside the Slice   | 2608 |       |            |           |       |
|     LUT in front of the register is unused | 1932 |       |            |           |       |
|     LUT in front of the register is used   |  676 |       |            |           |       |
| Unique Control Sets                        |  207 |       |          0 |     15850 |  1.31 |
+--------------------------------------------+------+-------+------------+-----------+-------+
* * Note: Available Control Sets calculated as Slice * 1, Review the Control Sets Report for more information regarding control sets.


3. Memory
---------

+-------------------+------+-------+------------+-----------+-------+
|     Site Type     | Used | Fixed | Prohibited | Available | Util% |
+-------------------+------+-------+------------+-----------+-------+
| Block RAM Tile    |   10 |     0 |          0 |       135 |  7.41 |
|   RAMB36/FIFO*    |    9 |     0 |          0 |       135 |  6.67 |
|     RAMB36E1 only |    9 |       |            |           |       |
|   RAMB18          |    2 |     0 |          0 |       270 |  0.74 |
|     RAMB18E1 only |    2 |       |            |           |       |
+-------------------+------+-------+------------+-----------+-------+
* Note: Each Block RAM Tile only has one FIFO logic available and therefore can accommodate only one FIFO36E1 or one FIFO18E1. However, if a FIFO18E1 occupies a Block RAM Tile, that tile can still accommodate a RAMB18E1


4. DSP
------

+-----------+------+-------+------------+-----------+-------+
| Site Type | Used | Fixed | Prohibited | Available | Util% |
+-----------+------+-------+------------+-----------+-------+
| DSPs      |    0 |     0 |          0 |       240 |  0.00 |
+-----------+------+-------+------------+-----------+-------+


5. IO and GT Specific
---------------------

+-----------------------------+------+-------+------------+-----------+-------+
|          Site Type          | Used | Fixed | Prohibited | Available | Util% |
+-----------------------------+------+-------+------------+-----------+-------+
| Bonded IOB                  |    1 |     1 |          0 |       210 |  0.48 |
|   IOB Master Pads           |    1 |       |            |           |       |
|   IOB Slave Pads            |    0 |       |            |           |       |
| Bonded IPADs                |    0 |     0 |          0 |         2 |  0.00 |
| PHY_CONTROL                 |    0 |     0 |          0 |         6 |  0.00 |
| PHASER_REF                  |    0 |     0 |          0 |         6 |  0.00 |
| OUT_FIFO                    |    0 |     0 |          0 |        24 |  0.00 |
| IN_FIFO                     |    0 |     0 |          0 |        24 |  0.00 |
| IDELAYCTRL                  |    0 |     0 |          0 |         6 |  0.00 |
| IBUFDS                      |    0 |     0 |          0 |       202 |  0.00 |
| PHASER_OUT/PHASER_OUT_PHY   |    0 |     0 |          0 |        24 |  0.00 |
| PHASER_IN/PHASER_IN_PHY     |    0 |     0 |          0 |        24 |  0.00 |
| IDELAYE2/IDELAYE2_FINEDELAY |    0 |     0 |          0 |       300 |  0.00 |
| ILOGIC                      |    0 |     0 |          0 |       210 |  0.00 |
| OLOGIC                      |    0 |     0 |          0 |       210 |  0.00 |
+-----------------------------+------+-------+------------+-----------+-------+


6. Clocking
-----------

+------------+------+-------+------------+-----------+-------+
|  Site Type | Used | Fixed | Prohibited | Available | Util% |
+------------+------+-------+------------+-----------+-------+
| BUFGCTRL   |    9 |     0 |          0 |        32 | 28.13 |
| BUFIO      |    0 |     0 |          0 |        24 |  0.00 |
| MMCME2_ADV |    2 |     0 |          0 |         6 | 33.33 |
| PLLE2_ADV  |    0 |     0 |          0 |         6 |  0.00 |
| BUFMRCE    |    0 |     0 |          0 |        12 |  0.00 |
| BUFHCE     |    0 |     0 |          0 |        96 |  0.00 |
| BUFR       |    0 |     0 |          0 |        24 |  0.00 |
+------------+------+-------+------------+-----------+-------+


7. Specific Feature
-------------------

+-------------+------+-------+------------+-----------+-------+
|  Site Type  | Used | Fixed | Prohibited | Available | Util% |
+-------------+------+-------+------------+-----------+-------+
| BSCANE2     |    1 |     0 |          0 |         4 | 25.00 |
| CAPTUREE2   |    0 |     0 |          0 |         1 |  0.00 |
| DNA_PORT    |    0 |     0 |          0 |         1 |  0.00 |
| EFUSE_USR   |    0 |     0 |          0 |         1 |  0.00 |
| FRAME_ECCE2 |    0 |     0 |          0 |         1 |  0.00 |
| ICAPE2      |    0 |     0 |          0 |         2 |  0.00 |
| PCIE_2_1    |    0 |     0 |          0 |         1 |  0.00 |
| STARTUPE2   |    0 |     0 |          0 |         1 |  0.00 |
| XADC        |    0 |     0 |          0 |         1 |  0.00 |
+-------------+------+-------+------------+-----------+-------+


8. Primitives
-------------

+------------+------+---------------------+
|  Ref Name  | Used | Functional Category |
+------------+------+---------------------+
| FDRE       | 4554 |        Flop & Latch |
| LUT6       | 1470 |                 LUT |
| LUT4       | 1016 |                 LUT |
| LUT3       |  954 |                 LUT |
| LUT5       |  935 |                 LUT |
| LUT2       |  921 |                 LUT |
| SRL16E     |  304 |  Distributed Memory |
| CARRY4     |  254 |          CarryLogic |
| FDCE       |  190 |        Flop & Latch |
| RAMD64E    |  176 |  Distributed Memory |
| MUXF7      |   73 |               MuxFx |
| SRLC32E    |   54 |  Distributed Memory |
| LUT1       |   51 |                 LUT |
| FDPE       |   41 |        Flop & Latch |
| FDSE       |   37 |        Flop & Latch |
| RAMD32     |   36 |  Distributed Memory |
| RAMS32     |   12 |  Distributed Memory |
| RAMB36E1   |    9 |        Block Memory |
| BUFG       |    9 |               Clock |
| SRLC16E    |    2 |  Distributed Memory |
| RAMB18E1   |    2 |        Block Memory |
| MMCME2_ADV |    2 |               Clock |
| IBUF       |    1 |                  IO |
| BSCANE2    |    1 |              Others |
+------------+------+---------------------+


9. Black Boxes
--------------

+----------+------+
| Ref Name | Used |
+----------+------+


10. Instantiated Netlists
-------------------------

+----------------------------+------+
|          Ref Name          | Used |
+----------------------------+------+
| jtag2pt_rst_clk_wiz_100M_0 |    1 |
| jtag2pt_jtag_axi_0_0       |    1 |
| jtag2pt_clk_wiz_0          |    1 |
| jtag2pt_aes_reg_0_0        |    1 |
| dbg_hub                    |    1 |
+----------------------------+------+


